E:\VS2012\ROUND_ROBIN_CONSUMER\ROUND_ROBIN_CONSUMER\DEBUG\MAIN.OBJ
E:\VS2012\ROUND_ROBIN_CONSUMER\ROUND_ROBIN_CONSUMER\DEBUG\VC110.PDB
E:\VS2012\ROUND_ROBIN_CONSUMER\DEBUG\ROUND_ROBIN_CONSUMER.ILK
E:\VS2012\ROUND_ROBIN_CONSUMER\DEBUG\ROUND_ROBIN_CONSUMER.EXE
E:\VS2012\ROUND_ROBIN_CONSUMER\DEBUG\ROUND_ROBIN_CONSUMER.PDB
E:\vs2012\round_robin_consumer\round_robin_consumer\Debug\main.obj
E:\vs2012\round_robin_consumer\round_robin_consumer\Debug\cl.command.1.tlog
E:\vs2012\round_robin_consumer\round_robin_consumer\Debug\CL.read.1.tlog
E:\vs2012\round_robin_consumer\round_robin_consumer\Debug\CL.write.1.tlog
E:\vs2012\round_robin_consumer\round_robin_consumer\Debug\link-cvtres.read.1.tlog
E:\vs2012\round_robin_consumer\round_robin_consumer\Debug\link-cvtres.write.1.tlog
E:\vs2012\round_robin_consumer\round_robin_consumer\Debug\link-rc.read.1.tlog
E:\vs2012\round_robin_consumer\round_robin_consumer\Debug\link-rc.write.1.tlog
E:\vs2012\round_robin_consumer\round_robin_consumer\Debug\link.command.1.tlog
E:\vs2012\round_robin_consumer\round_robin_consumer\Debug\link.read.1.tlog
E:\vs2012\round_robin_consumer\round_robin_consumer\Debug\link.write.1.tlog
E:\vs2012\round_robin_consumer\round_robin_consumer\Debug\vc110.idb
E:\vs2012\round_robin_consumer\round_robin_consumer\Debug\vc110.pdb
E:\vs2012\round_robin_consumer\Debug\round_robin_consumer.pdb
E:\vs2012\round_robin_consumer\Debug\round_robin_consumer.exe
E:\vs2012\round_robin_consumer\Debug\round_robin_consumer.ilk
