E:\VS2012\HELLOMESSAGEBOX\HELLOMESSAGEBOX\DEBUG\MAIN.OBJ
E:\VS2012\HELLOMESSAGEBOX\HELLOMESSAGEBOX\DEBUG\VC110.PDB
E:\VS2012\HELLOMESSAGEBOX\DEBUG\HELLOMESSAGEBOX.ILK
E:\VS2012\HELLOMESSAGEBOX\DEBUG\HELLOMESSAGEBOX.EXE
E:\VS2012\HELLOMESSAGEBOX\DEBUG\HELLOMESSAGEBOX.PDB
E:\vs2012\HelloMessageBox\HelloMessageBox\Debug\main.obj
E:\vs2012\HelloMessageBox\HelloMessageBox\Debug\cl.command.1.tlog
E:\vs2012\HelloMessageBox\HelloMessageBox\Debug\CL.read.1.tlog
E:\vs2012\HelloMessageBox\HelloMessageBox\Debug\CL.write.1.tlog
E:\vs2012\HelloMessageBox\HelloMessageBox\Debug\link-cvtres.read.1.tlog
E:\vs2012\HelloMessageBox\HelloMessageBox\Debug\link-cvtres.write.1.tlog
E:\vs2012\HelloMessageBox\HelloMessageBox\Debug\link-rc.read.1.tlog
E:\vs2012\HelloMessageBox\HelloMessageBox\Debug\link-rc.write.1.tlog
E:\vs2012\HelloMessageBox\HelloMessageBox\Debug\link.command.1.tlog
E:\vs2012\HelloMessageBox\HelloMessageBox\Debug\link.read.1.tlog
E:\vs2012\HelloMessageBox\HelloMessageBox\Debug\link.write.1.tlog
E:\vs2012\HelloMessageBox\HelloMessageBox\Debug\vc110.idb
E:\vs2012\HelloMessageBox\HelloMessageBox\Debug\vc110.pdb
E:\vs2012\HelloMessageBox\Debug\HelloMessageBox.pdb
E:\vs2012\HelloMessageBox\Debug\HelloMessageBox.exe
E:\vs2012\HelloMessageBox\Debug\HelloMessageBox.ilk
