E:\VS2012\RABBITMQ_C_PRODUCER\RABBITMQ_C_PRODUCER\DEBUG\MAIN.OBJ
E:\VS2012\RABBITMQ_C_PRODUCER\RABBITMQ_C_PRODUCER\DEBUG\VC110.PDB
E:\vs2012\rabbitmq_c_producer\rabbitmq_c_producer\Debug\main.obj
E:\vs2012\rabbitmq_c_producer\rabbitmq_c_producer\Debug\cl.command.1.tlog
E:\vs2012\rabbitmq_c_producer\rabbitmq_c_producer\Debug\CL.read.1.tlog
E:\vs2012\rabbitmq_c_producer\rabbitmq_c_producer\Debug\CL.write.1.tlog
E:\vs2012\rabbitmq_c_producer\rabbitmq_c_producer\Debug\link-cvtres.read.1.tlog
E:\vs2012\rabbitmq_c_producer\rabbitmq_c_producer\Debug\link-cvtres.write.1.tlog
E:\vs2012\rabbitmq_c_producer\rabbitmq_c_producer\Debug\link-rc.read.1.tlog
E:\vs2012\rabbitmq_c_producer\rabbitmq_c_producer\Debug\link-rc.write.1.tlog
E:\vs2012\rabbitmq_c_producer\rabbitmq_c_producer\Debug\link.13512-cvtres.read.1.tlog
E:\vs2012\rabbitmq_c_producer\rabbitmq_c_producer\Debug\link.13512-cvtres.write.1.tlog
E:\vs2012\rabbitmq_c_producer\rabbitmq_c_producer\Debug\link.13512-rc.read.1.tlog
E:\vs2012\rabbitmq_c_producer\rabbitmq_c_producer\Debug\link.13512-rc.write.1.tlog
E:\vs2012\rabbitmq_c_producer\rabbitmq_c_producer\Debug\link.13512.read.1.tlog
E:\vs2012\rabbitmq_c_producer\rabbitmq_c_producer\Debug\link.13512.write.1.tlog
E:\vs2012\rabbitmq_c_producer\rabbitmq_c_producer\Debug\link.14780-cvtres.read.1.tlog
E:\vs2012\rabbitmq_c_producer\rabbitmq_c_producer\Debug\link.14780-cvtres.write.1.tlog
E:\vs2012\rabbitmq_c_producer\rabbitmq_c_producer\Debug\link.14780-rc.read.1.tlog
E:\vs2012\rabbitmq_c_producer\rabbitmq_c_producer\Debug\link.14780-rc.write.1.tlog
E:\vs2012\rabbitmq_c_producer\rabbitmq_c_producer\Debug\link.14780.read.1.tlog
E:\vs2012\rabbitmq_c_producer\rabbitmq_c_producer\Debug\link.14780.write.1.tlog
E:\vs2012\rabbitmq_c_producer\rabbitmq_c_producer\Debug\link.16312-cvtres.read.1.tlog
E:\vs2012\rabbitmq_c_producer\rabbitmq_c_producer\Debug\link.16312-cvtres.write.1.tlog
E:\vs2012\rabbitmq_c_producer\rabbitmq_c_producer\Debug\link.16312-rc.read.1.tlog
E:\vs2012\rabbitmq_c_producer\rabbitmq_c_producer\Debug\link.16312-rc.write.1.tlog
E:\vs2012\rabbitmq_c_producer\rabbitmq_c_producer\Debug\link.16312.read.1.tlog
E:\vs2012\rabbitmq_c_producer\rabbitmq_c_producer\Debug\link.16312.write.1.tlog
E:\vs2012\rabbitmq_c_producer\rabbitmq_c_producer\Debug\link.command.1.tlog
E:\vs2012\rabbitmq_c_producer\rabbitmq_c_producer\Debug\link.read.1.tlog
E:\vs2012\rabbitmq_c_producer\rabbitmq_c_producer\Debug\link.write.1.tlog
E:\vs2012\rabbitmq_c_producer\rabbitmq_c_producer\Debug\vc110.idb
E:\vs2012\rabbitmq_c_producer\rabbitmq_c_producer\Debug\vc110.pdb
E:\vs2012\rabbitmq_c_producer\Debug\rabbitmq_c_producer.pdb
