E:\VS2012\HACKWECHAT\HACKDLL\DEBUG\HACKDLL.PCH
E:\VS2012\HACKWECHAT\HACKDLL\DEBUG\STDAFX.OBJ
E:\VS2012\HACKWECHAT\HACKDLL\DEBUG\VC110.PDB
E:\VS2012\HACKWECHAT\HACKDLL\DEBUG\DLLMAIN.OBJ
E:\VS2012\HACKWECHAT\HACKDLL\DEBUG\HACKDLL.OBJ
E:\VS2012\HACKWECHAT\HACKDLL\DEBUG\MY.OBJ
E:\VS2012\HACKWECHAT\DEBUG\HACKDLL.ILK
E:\VS2012\HACKWECHAT\DEBUG\HACKDLL.DLL
E:\VS2012\HACKWECHAT\DEBUG\HACKDLL.PDB
E:\vs2012\hackWechat\hackDll\Debug\dllmain.obj
E:\vs2012\hackWechat\hackDll\Debug\hackDll.obj
E:\vs2012\hackWechat\hackDll\Debug\My.obj
E:\vs2012\hackWechat\hackDll\Debug\stdafx.obj
E:\vs2012\hackWechat\hackDll\Debug\cl.command.1.tlog
E:\vs2012\hackWechat\hackDll\Debug\CL.read.1.tlog
E:\vs2012\hackWechat\hackDll\Debug\CL.write.1.tlog
E:\vs2012\hackWechat\hackDll\Debug\link-cvtres.read.1.tlog
E:\vs2012\hackWechat\hackDll\Debug\link-cvtres.write.1.tlog
E:\vs2012\hackWechat\hackDll\Debug\link-rc.read.1.tlog
E:\vs2012\hackWechat\hackDll\Debug\link-rc.write.1.tlog
E:\vs2012\hackWechat\hackDll\Debug\link.command.1.tlog
E:\vs2012\hackWechat\hackDll\Debug\link.read.1.tlog
E:\vs2012\hackWechat\hackDll\Debug\link.write.1.tlog
E:\vs2012\hackWechat\hackDll\Debug\hackDll.pch
E:\vs2012\hackWechat\hackDll\Debug\vc110.idb
E:\vs2012\hackWechat\hackDll\Debug\vc110.pdb
E:\vs2012\hackWechat\Debug\hackDll.pdb
E:\vs2012\hackWechat\Debug\hackDll.dll
E:\vs2012\hackWechat\Debug\hackDll.ilk
